<?xml version="1.0" encoding="UTF-8"?>
<testsuite name="fr.thiiozz.test.depenses.DepensesDAOTest" time="0.032" tests="1" errors="1" skipped="0" failures="0">
  <properties>
[...]
</properties>
  <testcase name="testExample" classname="fr.thiiozz.test.depenses.DepensesDAOTest" time="0.032">
    <error message="Entity fr.thiiozz.model.Depense already has an ID" type="java.lang.IllegalStateException">java.lang.IllegalStateException: Entity fr.thiiozz.model.Depense already has an ID
	at org.springframework.util.Assert.state(Assert.java:392)
	at org.springframework.boot.test.autoconfigure.orm.jpa.TestEntityManager.persist(TestEntityManager.java:93)
	at fr.thiiozz.test.depenses.DepensesDAOTest.testExample(DepensesDAOTest.java:29)
</error>
    <system-out><![CDATA[2016-08-04 21:17:31.173  INFO 6424 --- [           main] .b.t.c.SpringBootTestContextBootstrapper : Neither @ContextConfiguration nor @ContextHierarchy found for test class [fr.thiiozz.test.depenses.DepensesDAOTest], using SpringBootContextLoader
2016-08-04 21:17:31.173  INFO 6424 --- [           main] o.s.t.c.support.AbstractContextLoader    : Could not detect default resource locations for test class [fr.thiiozz.test.depenses.DepensesDAOTest]: no resource found for suffixes {-context.xml, Context.groovy}.
2016-08-04 21:17:31.175  INFO 6424 --- [           main] t.c.s.AnnotationConfigContextLoaderUtils : Could not detect default configuration classes for test class [fr.thiiozz.test.depenses.DepensesDAOTest]: DepensesDAOTest does not declare any static, non-private, non-final, nested classes annotated with @Configuration.
2016-08-04 21:17:31.185  INFO 6424 --- [           main] .b.t.c.SpringBootTestContextBootstrapper : Found @SpringBootConfiguration fr.thiiozz.CompteApplication for test class fr.thiiozz.test.depenses.DepensesDAOTest
2016-08-04 21:17:31.189  INFO 6424 --- [           main] .b.t.c.SpringBootTestContextBootstrapper : Loaded default TestExecutionListener class names from location [META-INF/spring.factories]: [org.springframework.boot.test.mock.mockito.MockitoTestExecutionListener, org.springframework.boot.test.mock.mockito.ResetMocksTestExecutionListener, org.springframework.boot.test.autoconfigure.AutoConfigureReportTestExecutionListener, org.springframework.boot.test.autoconfigure.restdocs.RestDocsTestExecutionListener, org.springframework.boot.test.autoconfigure.web.client.MockRestServiceServerResetTestExecutionListener, org.springframework.test.context.web.ServletTestExecutionListener, org.springframework.test.context.support.DirtiesContextBeforeModesTestExecutionListener, org.springframework.test.context.support.DependencyInjectionTestExecutionListener, org.springframework.test.context.support.DirtiesContextTestExecutionListener, org.springframework.test.context.transaction.TransactionalTestExecutionListener, org.springframework.test.context.jdbc.SqlScriptsTestExecutionListener]
2016-08-04 21:17:31.190  INFO 6424 --- [           main] .b.t.c.SpringBootTestContextBootstrapper : Using TestExecutionListeners: [org.springframework.test.context.web.ServletTestExecutionListener@1afd72ef, org.springframework.test.context.support.DirtiesContextBeforeModesTestExecutionListener@2cc75074, org.springframework.boot.test.autoconfigure.AutoConfigureReportTestExecutionListener@445bb139, org.springframework.test.context.support.DependencyInjectionTestExecutionListener@b9a77c8, org.springframework.test.context.support.DirtiesContextTestExecutionListener@7a81065e, org.springframework.test.context.transaction.TransactionalTestExecutionListener@6cd3ad8a, org.springframework.test.context.jdbc.SqlScriptsTestExecutionListener@75181b50, org.springframework.boot.test.mock.mockito.MockitoTestExecutionListener@2d64160c, org.springframework.boot.test.autoconfigure.restdocs.RestDocsTestExecutionListener@5f254608, org.springframework.boot.test.autoconfigure.web.client.MockRestServiceServerResetTestExecutionListener@2eeb0f9b, org.springframework.boot.test.mock.mockito.ResetMocksTestExecutionListener@1b1c538d]

  .   ____          _            __ _ _
 /\\ / ___'_ __ _ _(_)_ __  __ _ \ \ \ \
( ( )\___ | '_ | '_| | '_ \/ _` | \ \ \ \
 \\/  ___)| |_)| | | | | || (_| |  ) ) ) )
  '  |____| .__|_| |_|_| |_\__, | / / / /
 =========|_|==============|___/=/_/_/_/
 :: Spring Boot ::        (v1.4.0.RELEASE)

2016-08-04 21:17:31.254  INFO 6424 --- [           main] f.thiiozz.test.depenses.DepensesDAOTest  : Starting DepensesDAOTest on thiiiozzz with PID 6424 (started by thiiozz in E:\dev\ws\java\compte-spring)
2016-08-04 21:17:31.255  INFO 6424 --- [           main] f.thiiozz.test.depenses.DepensesDAOTest  : No active profile set, falling back to default profiles: default
2016-08-04 21:17:31.257  INFO 6424 --- [           main] s.c.a.AnnotationConfigApplicationContext : Refreshing org.springframework.context.annotation.AnnotationConfigApplicationContext@765ffb14: startup date [Thu Aug 04 21:17:31 CEST 2016]; root of context hierarchy
2016-08-04 21:17:31.515  INFO 6424 --- [           main] beddedDataSourceBeanFactoryPostProcessor : Replacing 'dataSource' DataSource bean with embedded version
2016-08-04 21:17:31.516  INFO 6424 --- [           main] o.s.b.f.s.DefaultListableBeanFactory     : Overriding bean definition for bean 'dataSource' with a different definition: replacing [Root bean: class [null]; scope=; abstract=false; lazyInit=false; autowireMode=3; dependencyCheck=0; autowireCandidate=true; primary=false; factoryBeanName=org.springframework.boot.autoconfigure.jdbc.DataSourceConfiguration$Tomcat; factoryMethodName=dataSource; initMethodName=null; destroyMethodName=(inferred); defined in class path resource [org/springframework/boot/autoconfigure/jdbc/DataSourceConfiguration$Tomcat.class]] with [Root bean: class [org.springframework.boot.test.autoconfigure.orm.jpa.TestDatabaseAutoConfiguration$EmbeddedDataSourceFactoryBean]; scope=; abstract=false; lazyInit=false; autowireMode=0; dependencyCheck=0; autowireCandidate=true; primary=false; factoryBeanName=null; factoryMethodName=null; initMethodName=null; destroyMethodName=null]
2016-08-04 21:17:31.517  WARN 6424 --- [           main] o.s.c.a.ConfigurationClassPostProcessor  : Cannot enhance @Configuration bean definition 'embeddedDataSourceBeanFactoryPostProcessor' since its singleton instance has been created too early. The typical cause is a non-static @Bean method with a BeanDefinitionRegistryPostProcessor return type: Consider declaring such methods as 'static'.
2016-08-04 21:17:31.588  INFO 6424 --- [           main] o.s.j.d.e.EmbeddedDatabaseFactory        : Starting embedded database: url='jdbc:h2:mem:testdb;DB_CLOSE_DELAY=-1;DB_CLOSE_ON_EXIT=false', username='sa'
2016-08-04 21:17:32.166  INFO 6424 --- [           main] j.LocalContainerEntityManagerFactoryBean : Building JPA container EntityManagerFactory for persistence unit 'default'
2016-08-04 21:17:32.192  INFO 6424 --- [           main] o.hibernate.jpa.internal.util.LogHelper  : HHH000204: Processing PersistenceUnitInfo [
	name: default
	...]
2016-08-04 21:17:32.279  INFO 6424 --- [           main] org.hibernate.Version                    : HHH000412: Hibernate Core {5.0.9.Final}
2016-08-04 21:17:32.281  INFO 6424 --- [           main] org.hibernate.cfg.Environment            : HHH000206: hibernate.properties not found
2016-08-04 21:17:32.284  INFO 6424 --- [           main] org.hibernate.cfg.Environment            : HHH000021: Bytecode provider name : javassist
2016-08-04 21:17:32.332  INFO 6424 --- [           main] o.hibernate.annotations.common.Version   : HCANN000001: Hibernate Commons Annotations {5.0.1.Final}
2016-08-04 21:17:32.450  INFO 6424 --- [           main] org.hibernate.dialect.Dialect            : HHH000400: Using dialect: org.hibernate.dialect.MySQL5Dialect
2016-08-04 21:17:33.033  INFO 6424 --- [           main] org.hibernate.tool.hbm2ddl.SchemaUpdate  : HHH000228: Running hbm2ddl schema update
2016-08-04 21:17:33.049  INFO 6424 --- [           main] rmationExtractorJdbcDatabaseMetaDataImpl : HHH000262: Table not found: depense
2016-08-04 21:17:33.050  INFO 6424 --- [           main] rmationExtractorJdbcDatabaseMetaDataImpl : HHH000262: Table not found: depense
2016-08-04 21:17:33.109  INFO 6424 --- [           main] j.LocalContainerEntityManagerFactoryBean : Initialized JPA EntityManagerFactory for persistence unit 'default'
2016-08-04 21:17:33.439  INFO 6424 --- [           main] f.thiiozz.test.depenses.DepensesDAOTest  : Started DepensesDAOTest in 2.237 seconds (JVM running for 6.488)
2016-08-04 21:17:33.494  INFO 6424 --- [           main] o.s.t.c.transaction.TransactionContext   : Began transaction (1) for test context [DefaultTestContext@7bbdb220 testClass = DepensesDAOTest, testInstance = fr.thiiozz.test.depenses.DepensesDAOTest@6d001fbe, testMethod = testExample@DepensesDAOTest, testException = [null], mergedContextConfiguration = [MergedContextConfiguration@78128dd0 testClass = DepensesDAOTest, locations = '{}', classes = '{class fr.thiiozz.CompteApplication}', contextInitializerClasses = '[]', activeProfiles = '{}', propertySourceLocations = '{}', propertySourceProperties = '{org.springframework.boot.test.context.SpringBootTestContextBootstrapper=true}', contextCustomizers = set[org.springframework.boot.test.context.ImportsContextCustomizer@9eb35ab6, org.springframework.boot.test.context.filter.ExcludeFilterContextCustomizer@7cbd213e, org.springframework.boot.test.mock.mockito.MockitoContextCustomizer@0, org.springframework.boot.test.autoconfigure.OverrideAutoConfigurationContextCustomizerFactory$DisableAutoConfigurationContextCustomizer@782663d3, org.springframework.boot.test.autoconfigure.filter.TypeExcludeFiltersContextCustomizer@1a84f40f, org.springframework.boot.test.autoconfigure.properties.PropertyMappingContextCustomizer@7d2b6c2e], contextLoader = 'org.springframework.boot.test.context.SpringBootContextLoader', parent = [null]]]; transaction manager [org.springframework.orm.jpa.JpaTransactionManager@5d767218]; rollback [true]
2016-08-04 21:17:33.501  INFO 6424 --- [           main] o.s.t.c.transaction.TransactionContext   : Rolled back transaction for test context [DefaultTestContext@7bbdb220 testClass = DepensesDAOTest, testInstance = fr.thiiozz.test.depenses.DepensesDAOTest@6d001fbe, testMethod = testExample@DepensesDAOTest, testException = java.lang.IllegalStateException: Entity fr.thiiozz.model.Depense already has an ID, mergedContextConfiguration = [MergedContextConfiguration@78128dd0 testClass = DepensesDAOTest, locations = '{}', classes = '{class fr.thiiozz.CompteApplication}', contextInitializerClasses = '[]', activeProfiles = '{}', propertySourceLocations = '{}', propertySourceProperties = '{org.springframework.boot.test.context.SpringBootTestContextBootstrapper=true}', contextCustomizers = set[org.springframework.boot.test.context.ImportsContextCustomizer@9eb35ab6, org.springframework.boot.test.context.filter.ExcludeFilterContextCustomizer@7cbd213e, org.springframework.boot.test.mock.mockito.MockitoContextCustomizer@0, org.springframework.boot.test.autoconfigure.OverrideAutoConfigurationContextCustomizerFactory$DisableAutoConfigurationContextCustomizer@782663d3, org.springframework.boot.test.autoconfigure.filter.TypeExcludeFiltersContextCustomizer@1a84f40f, org.springframework.boot.test.autoconfigure.properties.PropertyMappingContextCustomizer@7d2b6c2e], contextLoader = 'org.springframework.boot.test.context.SpringBootContextLoader', parent = [null]]].
]]></system-out>
  </testcase>
</testsuite>